[INFO ] 2018-03-11 13:19:50,916 -- WorkingPath: C:\Projeto\pibic-master\datasets\yelp\CARSKit.Workspace\
[INFO ] 2018-03-11 13:19:50,934 -- Your original rating data path: C:\Projeto\pibic-master\datasets\yelp\yelp_dataset_reduzido.csv
[INFO ] 2018-03-11 13:19:50,934 -- Current working path: C:\Projeto\pibic-master\datasets\yelp\CARSKit.Workspace\
[WARN ] 2018-03-11 13:19:50,938 -- You rating data is in Compact format. CARSKit is working on transformation on the data format...
[INFO ] 2018-03-11 13:19:51,108 -- Data transformaton completed (from Compact to Binary format). See new rating file: C:\Projeto\pibic-master\datasets\yelp\CARSKit.Workspace\ratings_binary.txt
[INFO ] 2018-03-11 13:19:51,137 -- Dataset: ...ARSKit.Workspace\ratings_binary.txt
[INFO ] 2018-03-11 13:19:51,141 -- DataPath: C:\Projeto\pibic-master\datasets\yelp\CARSKit.Workspace\ratings_binary.txt
[INFO ] 2018-03-11 13:19:51,379 -- Rating data set has been successfully loaded.
[INFO ] 2018-03-11 13:19:51,389 -- 
/************************************************************************************
 *
 * Dataset: C:\Projeto\pibic-master\datasets\yelp\CARSKit.Workspace\ratings_binary.txt
 * 
 * Statistics of U-I-C Matrix:
 * User amount: 460
 * Item amount: 458
 * Rate amount: 499
 * Context dimensions: 2 (latitude, longitude)
 * Context conditions: 914 (latitude: 457, longitude: 457)
 * Context situations: 456
 * Data density: 0,00000113408298803673%
 * Scale distribution: [2.0 x 49, 4.0 x 162, 1.0 x 28, 5.0 x 148, 3.0 x 112]
 * Average value of all ratings: 3,707415
 * Standard deviation of all ratings: 1,154657
 * Mode of all rating values: 4,000000
 * Median of all rating values: 4,000000
 *
 ************************************************************************************/
[INFO ] 2018-03-11 13:19:51,391 -- With Setup: cv -k 2 -p on --rand-seed 1 --test-view all
[DEBUG] 2018-03-11 13:19:51,399 -- Fold [1]: training amount: 249, test amount: 250
[DEBUG] 2018-03-11 13:19:51,414 -- Build item similarity matrix ...
[DEBUG] 2018-03-11 13:19:51,442 -- ItemKNN fold [1] evaluate test data ... 
[DEBUG] 2018-03-11 13:19:51,447 -- ItemKNN fold [1] has candidate items: 237
[DEBUG] 2018-03-11 13:19:51,715 -- ItemKNN fold [1] evaluates progress: 200 / 239
[DEBUG] 2018-03-11 13:19:51,949 -- ItemKNN fold [1] has writeen item recommendations to C:\Projeto\pibic-master\datasets\yelp\CARSKit.Workspace\ItemKNN-top-10-items fold [1].txt
[DEBUG] 2018-03-11 13:19:51,957 -- ItemKNN fold [1]: Pre1: 0,000000, Pre3: 0,015873, Pre5: 0,028571, Pre10: 0,014286, Rec1: 0,000000, Rec3: 0,047619, Rec5: 0,142857, Rec10: 0,142857, F11: 0,000000, F13: 0,026455, F15: 0,047619, F110: 0,025974, AUC: 0,569613, MAP1: 0,000000, MAP3: 0,023810, MAP5: 0,042857, MAP10: 0,042857, NDCG: 0,066887, MRR: 0,042857	Time: 00:00, 00:00
[DEBUG] 2018-03-11 13:19:51,963 -- Fold [2]: training amount: 250, test amount: 249
[DEBUG] 2018-03-11 13:19:51,967 -- LARS fold [1] evaluate test data ... 
[DEBUG] 2018-03-11 13:19:51,968 -- Build item similarity matrix ...
[DEBUG] 2018-03-11 13:19:51,971 -- LARS fold [1] has candidate items: 237
[DEBUG] 2018-03-11 13:19:51,993 -- ItemKNN fold [2] evaluate test data ... 
[DEBUG] 2018-03-11 13:19:51,998 -- ItemKNN fold [2] has candidate items: 236
[DEBUG] 2018-03-11 13:19:52,035 -- ItemKNN fold [2] evaluates progress: 100 / 241
[DEBUG] 2018-03-11 13:19:52,254 -- ItemKNN fold [2] evaluates progress: 300 / 241
[DEBUG] 2018-03-11 13:19:52,436 -- LARS fold [1] evaluates progress: 200 / 239
[DEBUG] 2018-03-11 13:19:52,468 -- ItemKNN fold [2] evaluates progress: 400 / 241
[DEBUG] 2018-03-11 13:19:52,503 -- ItemKNN fold [2] has writeen item recommendations to C:\Projeto\pibic-master\datasets\yelp\CARSKit.Workspace\ItemKNN-top-10-items fold [2].txt
[DEBUG] 2018-03-11 13:19:52,505 -- ItemKNN fold [2]: Pre1: 0,055556, Pre3: 0,037037, Pre5: 0,022222, Pre10: 0,011111, Rec1: 0,055556, Rec3: 0,111111, Rec5: 0,111111, Rec10: 0,111111, F11: 0,055556, F13: 0,061728, F15: 0,037037, F110: 0,020202, AUC: 0,555083, MAP1: 0,055556, MAP3: 0,074074, MAP5: 0,074074, MAP10: 0,074074, NDCG: 0,083333, MRR: 0,074074	Time: 00:00, 00:00
[DEBUG] 2018-03-11 13:19:52,514 -- LARS fold [2] evaluate test data ... 
[DEBUG] 2018-03-11 13:19:52,518 -- LARS fold [2] has candidate items: 236
[DEBUG] 2018-03-11 13:19:52,560 -- LARS fold [2] evaluates progress: 100 / 241
[DEBUG] 2018-03-11 13:19:52,740 -- LARS fold [1] has writeen item recommendations to C:\Projeto\pibic-master\datasets\yelp\CARSKit.Workspace\LARS-top-10-items fold [1].txt
[DEBUG] 2018-03-11 13:19:52,741 -- LARS fold [1]: Pre1: 1,000000, Pre3: 0,333333, Pre5: 0,200000, Pre10: 0,100000, Rec1: 1,000000, Rec3: 1,000000, Rec5: 1,000000, Rec10: 1,000000, F11: 1,000000, F13: 0,555556, F15: 0,333333, F110: 0,181818, AUC: 1,000000, MAP1: 1,000000, MAP3: 1,000000, MAP5: 1,000000, MAP10: 1,000000, NDCG: 1,000000, MRR: 1,000000	Time: 00:00, 00:00
[DEBUG] 2018-03-11 13:19:52,755 -- LARS fold [2] evaluates progress: 300 / 241
[DEBUG] 2018-03-11 13:19:52,941 -- LARS fold [2] evaluates progress: 400 / 241
[DEBUG] 2018-03-11 13:19:52,962 -- LARS fold [2] has writeen item recommendations to C:\Projeto\pibic-master\datasets\yelp\CARSKit.Workspace\LARS-top-10-items fold [2].txt
[DEBUG] 2018-03-11 13:19:52,963 -- LARS fold [2]: Pre1: 1,000000, Pre3: 0,333333, Pre5: 0,200000, Pre10: 0,100000, Rec1: 1,000000, Rec3: 1,000000, Rec5: 1,000000, Rec10: 1,000000, F11: 1,000000, F13: 0,555556, F15: 0,333333, F110: 0,181818, AUC: 1,000000, MAP1: 1,000000, MAP3: 1,000000, MAP5: 1,000000, MAP10: 1,000000, NDCG: 1,000000, MRR: 1,000000	Time: 00:00, 00:00
[DEBUG] 2018-03-11 13:19:52,966 -- Evaluation for fold 1 has written to file: C:\Projeto\pibic-master\datasets\yelp\CARSKit.Workspace\lars -cf itemknn_evalfolds.csv
[DEBUG] 2018-03-11 13:19:52,968 -- Evaluation for fold 2 has written to file: C:\Projeto\pibic-master\datasets\yelp\CARSKit.Workspace\lars -cf itemknn_evalfolds.csv
[INFO ] 2018-03-11 13:19:52,969 -- Final Results by lars, Pre1: 1,000000, Pre3: 0,333333, Pre5: 0,200000, Pre10: 0,100000, Rec1: 1,000000, Rec3: 1,000000, Rec5: 1,000000, Rec10: 1,000000, F11: 1,000000, F13: 0,555556, F15: 0,333333, F110: 0,181818, AUC: 1,000000, MAP1: 1,000000, MAP3: 1,000000, MAP5: 1,000000, MAP10: 1,000000, NDCG: 1,000000, MRR: 1,000000, carskit.alg.cars.transformation.modeling.LARS@b4a017, Time: '00:00','00:00'

[DEBUG] 2018-03-11 13:19:52,970 -- Have been collected to file: results_all_2016.txt
